<?xml version="1.0" encoding="UTF-8"?>
<testsuite xmlns:xsi="http://www.w3.org/2001/XMLSchema-instance" xsi:noNamespaceSchemaLocation="https://maven.apache.org/surefire/maven-surefire-plugin/xsd/surefire-test-report.xsd" name="employee_register.RegisterTest" time="0.017" tests="10" errors="0" skipped="0" failures="0">
  <properties>
    <property name="jpda.address" value="52144"/>
    <property name="java.specification.version" value="23"/>
    <property name="sun.jnu.encoding" value="UTF-8"/>
    <property name="java.class.path" value="/Users/karola/Desktop/studia 2024-2025/programowanie obiektowe/programowanie-obiektowe/zadanie3-rejestr-pracownikow/employee_register/target/test-classes:/Users/karola/Desktop/studia 2024-2025/programowanie obiektowe/programowanie-obiektowe/zadanie3-rejestr-pracownikow/employee_register/target/classes:/Users/karola/.m2/repository/junit/junit/4.11/junit-4.11.jar:/Users/karola/.m2/repository/org/hamcrest/hamcrest-core/1.3/hamcrest-core-1.3.jar:"/>
    <property name="java.vm.vendor" value="Oracle Corporation"/>
    <property name="sun.arch.data.model" value="64"/>
    <property name="java.vendor.url" value="https://java.oracle.com/"/>
    <property name="forkMode" value="once"/>
    <property name="os.name" value="Mac OS X"/>
    <property name="java.vm.specification.version" value="23"/>
    <property name="user.country" value="PL"/>
    <property name="sun.java.launcher" value="SUN_STANDARD"/>
    <property name="sun.boot.library.path" value="/Library/Java/JavaVirtualMachines/jdk-23.jdk/Contents/Home/lib"/>
    <property name="sun.java.command" value="/Users/karola/Desktop/studia 2024-2025/programowanie obiektowe/programowanie-obiektowe/zadanie3-rejestr-pracownikow/employee_register/target/surefire/surefirebooter1452694101399794279.jar /Users/karola/Desktop/studia 2024-2025/programowanie obiektowe/programowanie-obiektowe/zadanie3-rejestr-pracownikow/employee_register/target/surefire 2024-12-13T12-27-08_066-jvmRun1 surefire6940152177504889022tmp surefire_017800501771176091887tmp"/>
    <property name="http.nonProxyHosts" value="local|*.local|169.254/16|*.169.254/16"/>
    <property name="jdk.debug" value="release"/>
    <property name="test" value="employee_register.RegisterTest"/>
    <property name="surefire.test.class.path" value="/Users/karola/Desktop/studia 2024-2025/programowanie obiektowe/programowanie-obiektowe/zadanie3-rejestr-pracownikow/employee_register/target/test-classes:/Users/karola/Desktop/studia 2024-2025/programowanie obiektowe/programowanie-obiektowe/zadanie3-rejestr-pracownikow/employee_register/target/classes:/Users/karola/.m2/repository/junit/junit/4.11/junit-4.11.jar:/Users/karola/.m2/repository/org/hamcrest/hamcrest-core/1.3/hamcrest-core-1.3.jar:"/>
    <property name="sun.cpu.endian" value="little"/>
    <property name="user.home" value="/Users/karola"/>
    <property name="user.language" value="en"/>
    <property name="java.specification.vendor" value="Oracle Corporation"/>
    <property name="java.version.date" value="2024-09-17"/>
    <property name="java.home" value="/Library/Java/JavaVirtualMachines/jdk-23.jdk/Contents/Home"/>
    <property name="file.separator" value="/"/>
    <property name="basedir" value="/Users/karola/Desktop/studia 2024-2025/programowanie obiektowe/programowanie-obiektowe/zadanie3-rejestr-pracownikow/employee_register"/>
    <property name="java.vm.compressedOopsMode" value="Zero based"/>
    <property name="line.separator" value="&#10;"/>
    <property name="java.vm.specification.vendor" value="Oracle Corporation"/>
    <property name="java.specification.name" value="Java Platform API Specification"/>
    <property name="apple.awt.application.name" value="ForkedBooter"/>
    <property name="surefire.real.class.path" value="/Users/karola/Desktop/studia 2024-2025/programowanie obiektowe/programowanie-obiektowe/zadanie3-rejestr-pracownikow/employee_register/target/surefire/surefirebooter1452694101399794279.jar"/>
    <property name="sun.management.compiler" value="HotSpot 64-Bit Tiered Compilers"/>
    <property name="ftp.nonProxyHosts" value="local|*.local|169.254/16|*.169.254/16"/>
    <property name="java.runtime.version" value="23+37-2369"/>
    <property name="user.name" value="karola"/>
    <property name="stdout.encoding" value="UTF-8"/>
    <property name="path.separator" value=":"/>
    <property name="os.version" value="15.1.1"/>
    <property name="java.runtime.name" value="Java(TM) SE Runtime Environment"/>
    <property name="file.encoding" value="UTF-8"/>
    <property name="java.vm.name" value="Java HotSpot(TM) 64-Bit Server VM"/>
    <property name="jpda.listen" value="true"/>
    <property name="maven.ext.class.path" value="/Users/karola/.vscode/extensions/oracle.oracle-java-23.0.1/nbcode/java/maven-nblib/netbeans-eventspy.jar"/>
    <property name="localRepository" value="/Users/karola/.m2/repository"/>
    <property name="java.vendor.url.bug" value="https://bugreport.java.com/bugreport/"/>
    <property name="java.io.tmpdir" value="/var/folders/gr/b5f65_n92lgdnvyvmpw2vkl40000gn/T/"/>
    <property name="java.version" value="23"/>
    <property name="user.dir" value="/Users/karola/Desktop/studia 2024-2025/programowanie obiektowe/programowanie-obiektowe/zadanie3-rejestr-pracownikow/employee_register"/>
    <property name="os.arch" value="aarch64"/>
    <property name="java.vm.specification.name" value="Java Virtual Machine Specification"/>
    <property name="native.encoding" value="UTF-8"/>
    <property name="java.library.path" value="/Users/karola/Library/Java/Extensions:/Library/Java/Extensions:/Network/Library/Java/Extensions:/System/Library/Java/Extensions:/usr/lib/java:."/>
    <property name="java.vm.info" value="mixed mode, sharing"/>
    <property name="stderr.encoding" value="UTF-8"/>
    <property name="java.vendor" value="Oracle Corporation"/>
    <property name="java.vm.version" value="23+37-2369"/>
    <property name="sun.io.unicode.encoding" value="UnicodeBig"/>
    <property name="socksNonProxyHosts" value="local|*.local|169.254/16|*.169.254/16"/>
    <property name="java.class.version" value="67.0"/>
    <property name="maven.surefire.debug" value="-agentlib:jdwp=transport=dt_socket,server=n,address=52144"/>
  </properties>
  <testcase name="sortEmployees" classname="employee_register.RegisterTest" time="0.003"/>
  <testcase name="addEmployees" classname="employee_register.RegisterTest" time="0"/>
  <testcase name="findEmployeesByCityNoMatch" classname="employee_register.RegisterTest" time="0"/>
  <testcase name="calculationPhysicalEmployee" classname="employee_register.RegisterTest" time="0"/>
  <testcase name="removeEmployee" classname="employee_register.RegisterTest" time="0"/>
  <testcase name="calculationOfficeEmployee" classname="employee_register.RegisterTest" time="0"/>
  <testcase name="addEmployee" classname="employee_register.RegisterTest" time="0.001"/>
  <testcase name="findEmployeesByCity" classname="employee_register.RegisterTest" time="0"/>
  <testcase name="removeNonExistentEmployee" classname="employee_register.RegisterTest" time="0"/>
  <testcase name="calculationTraderHighEffectiveness" classname="employee_register.RegisterTest" time="0"/>
</testsuite>