<?xml version="1.0" encoding="UTF-8"?>
<testsuite xmlns:xsi="http://www.w3.org/2001/XMLSchema-instance" xsi:noNamespaceSchemaLocation="https://maven.apache.org/surefire/maven-surefire-plugin/xsd/surefire-test-report.xsd" name="rpn.RPNTest" time="0.022" tests="12" errors="0" skipped="0" failures="0">
  <properties>
    <property name="java.specification.version" value="23"/>
    <property name="sun.jnu.encoding" value="UTF-8"/>
    <property name="java.class.path" value="/Users/karola/Desktop/studia 2024-2025/programowanie obiektowe/programowanie-obiektowe/zadanie2-stos-RPN/rpn/target/test-classes:/Users/karola/Desktop/studia 2024-2025/programowanie obiektowe/programowanie-obiektowe/zadanie2-stos-RPN/rpn/target/classes:/Users/karola/.m2/repository/junit/junit/4.13.2/junit-4.13.2.jar:/Users/karola/.m2/repository/org/hamcrest/hamcrest-core/1.3/hamcrest-core-1.3.jar:/Users/karola/.m2/repository/stos/stos/1.0-SNAPSHOT/stos-1.0-SNAPSHOT.jar:"/>
    <property name="java.vm.vendor" value="Homebrew"/>
    <property name="sun.arch.data.model" value="64"/>
    <property name="java.vendor.url" value="https://github.com/Homebrew/homebrew-core/issues"/>
    <property name="os.name" value="Mac OS X"/>
    <property name="java.vm.specification.version" value="23"/>
    <property name="sun.java.launcher" value="SUN_STANDARD"/>
    <property name="user.country" value="PL"/>
    <property name="sun.boot.library.path" value="/opt/homebrew/Cellar/openjdk/23.0.1/libexec/openjdk.jdk/Contents/Home/lib"/>
    <property name="sun.java.command" value="/Users/karola/Desktop/studia 2024-2025/programowanie obiektowe/programowanie-obiektowe/zadanie2-stos-RPN/rpn/target/surefire/surefirebooter18166304468026880108.jar /Users/karola/Desktop/studia 2024-2025/programowanie obiektowe/programowanie-obiektowe/zadanie2-stos-RPN/rpn/target/surefire 2024-11-16T09-47-52_324-jvmRun1 surefire14108961341930659238tmp surefire_05102242104419201733tmp"/>
    <property name="http.nonProxyHosts" value="local|*.local|169.254/16|*.169.254/16"/>
    <property name="jdk.debug" value="release"/>
    <property name="surefire.test.class.path" value="/Users/karola/Desktop/studia 2024-2025/programowanie obiektowe/programowanie-obiektowe/zadanie2-stos-RPN/rpn/target/test-classes:/Users/karola/Desktop/studia 2024-2025/programowanie obiektowe/programowanie-obiektowe/zadanie2-stos-RPN/rpn/target/classes:/Users/karola/.m2/repository/junit/junit/4.13.2/junit-4.13.2.jar:/Users/karola/.m2/repository/org/hamcrest/hamcrest-core/1.3/hamcrest-core-1.3.jar:/Users/karola/.m2/repository/stos/stos/1.0-SNAPSHOT/stos-1.0-SNAPSHOT.jar:"/>
    <property name="sun.cpu.endian" value="little"/>
    <property name="user.home" value="/Users/karola"/>
    <property name="user.language" value="en"/>
    <property name="java.specification.vendor" value="Oracle Corporation"/>
    <property name="java.version.date" value="2024-10-15"/>
    <property name="java.home" value="/opt/homebrew/Cellar/openjdk/23.0.1/libexec/openjdk.jdk/Contents/Home"/>
    <property name="file.separator" value="/"/>
    <property name="basedir" value="/Users/karola/Desktop/studia 2024-2025/programowanie obiektowe/programowanie-obiektowe/zadanie2-stos-RPN/rpn"/>
    <property name="java.vm.compressedOopsMode" value="Zero based"/>
    <property name="line.separator" value="&#10;"/>
    <property name="java.vm.specification.vendor" value="Oracle Corporation"/>
    <property name="java.specification.name" value="Java Platform API Specification"/>
    <property name="apple.awt.application.name" value="ForkedBooter"/>
    <property name="surefire.real.class.path" value="/Users/karola/Desktop/studia 2024-2025/programowanie obiektowe/programowanie-obiektowe/zadanie2-stos-RPN/rpn/target/surefire/surefirebooter18166304468026880108.jar"/>
    <property name="sun.management.compiler" value="HotSpot 64-Bit Tiered Compilers"/>
    <property name="ftp.nonProxyHosts" value="local|*.local|169.254/16|*.169.254/16"/>
    <property name="java.runtime.version" value="23.0.1"/>
    <property name="user.name" value="karola"/>
    <property name="stdout.encoding" value="UTF-8"/>
    <property name="path.separator" value=":"/>
    <property name="os.version" value="15.0.1"/>
    <property name="java.runtime.name" value="OpenJDK Runtime Environment"/>
    <property name="file.encoding" value="UTF-8"/>
    <property name="java.vm.name" value="OpenJDK 64-Bit Server VM"/>
    <property name="java.vendor.version" value="Homebrew"/>
    <property name="localRepository" value="/Users/karola/.m2/repository"/>
    <property name="java.vendor.url.bug" value="https://github.com/Homebrew/homebrew-core/issues"/>
    <property name="java.io.tmpdir" value="/var/folders/gr/b5f65_n92lgdnvyvmpw2vkl40000gn/T/"/>
    <property name="java.version" value="23.0.1"/>
    <property name="user.dir" value="/Users/karola/Desktop/studia 2024-2025/programowanie obiektowe/programowanie-obiektowe/zadanie2-stos-RPN/rpn"/>
    <property name="os.arch" value="aarch64"/>
    <property name="java.vm.specification.name" value="Java Virtual Machine Specification"/>
    <property name="native.encoding" value="UTF-8"/>
    <property name="java.library.path" value="/Users/karola/Library/Java/Extensions:/Library/Java/Extensions:/Network/Library/Java/Extensions:/System/Library/Java/Extensions:/usr/lib/java:."/>
    <property name="java.vm.info" value="mixed mode, sharing"/>
    <property name="stderr.encoding" value="UTF-8"/>
    <property name="java.vendor" value="Homebrew"/>
    <property name="java.vm.version" value="23.0.1"/>
    <property name="sun.io.unicode.encoding" value="UnicodeBig"/>
    <property name="socksNonProxyHosts" value="local|*.local|169.254/16|*.169.254/16"/>
    <property name="java.class.version" value="67.0"/>
  </properties>
  <testcase name="testDivByZero" classname="rpn.RPNTest" time="0.002"/>
  <testcase name="testInvalidOperator" classname="rpn.RPNTest" time="0"/>
  <testcase name="testSingleNumber" classname="rpn.RPNTest" time="0"/>
  <testcase name="testAddMult" classname="rpn.RPNTest" time="0"/>
  <testcase name="testAdd" classname="rpn.RPNTest" time="0"/>
  <testcase name="testDiv" classname="rpn.RPNTest" time="0"/>
  <testcase name="testSub" classname="rpn.RPNTest" time="0"/>
  <testcase name="testMult" classname="rpn.RPNTest" time="0"/>
  <testcase name="testExtraSpaces" classname="rpn.RPNTest" time="0"/>
  <testcase name="testLargeNumbers" classname="rpn.RPNTest" time="0.001"/>
  <testcase name="testIncorrectOrder" classname="rpn.RPNTest" time="0"/>
  <testcase name="testNegativeNumbers" classname="rpn.RPNTest" time="0"/>
</testsuite>