<?xml version="1.0" encoding="UTF-8"?>
<testsuite xmlns:xsi="http://www.w3.org/2001/XMLSchema-instance" xsi:noNamespaceSchemaLocation="https://maven.apache.org/surefire/maven-surefire-plugin/xsd/surefire-test-report-3.0.xsd" version="3.0" name="war_games.GameEngineTest" time="0.191" tests="24" errors="0" skipped="0" failures="0">
  <properties>
    <property name="jpda.address" value="56644"/>
    <property name="java.specification.version" value="17"/>
    <property name="sun.cpu.isalist" value="amd64"/>
    <property name="sun.jnu.encoding" value="Cp1252"/>
    <property name="java.class.path" value="C:\Users\Administrator\Desktop\studia_2024-25\programowanie-obiektowe\zadanie4-gry-wojenne\war_games\target\test-classes;C:\Users\Administrator\Desktop\studia_2024-25\programowanie-obiektowe\zadanie4-gry-wojenne\war_games\target\classes;C:\Users\Administrator\.m2\repository\org\junit\jupiter\junit-jupiter\5.10.0\junit-jupiter-5.10.0.jar;C:\Users\Administrator\.m2\repository\org\junit\jupiter\junit-jupiter-api\5.10.0\junit-jupiter-api-5.10.0.jar;C:\Users\Administrator\.m2\repository\org\opentest4j\opentest4j\1.3.0\opentest4j-1.3.0.jar;C:\Users\Administrator\.m2\repository\org\junit\platform\junit-platform-commons\1.10.0\junit-platform-commons-1.10.0.jar;C:\Users\Administrator\.m2\repository\org\apiguardian\apiguardian-api\1.1.2\apiguardian-api-1.1.2.jar;C:\Users\Administrator\.m2\repository\org\junit\jupiter\junit-jupiter-params\5.10.0\junit-jupiter-params-5.10.0.jar;C:\Users\Administrator\.m2\repository\org\junit\jupiter\junit-jupiter-engine\5.10.0\junit-jupiter-engine-5.10.0.jar;C:\Users\Administrator\.m2\repository\org\junit\platform\junit-platform-engine\1.10.0\junit-platform-engine-1.10.0.jar;"/>
    <property name="java.vm.vendor" value="Eclipse Adoptium"/>
    <property name="sun.arch.data.model" value="64"/>
    <property name="user.variant" value=""/>
    <property name="java.vendor.url" value="https://adoptium.net/"/>
    <property name="user.timezone" value="Europe/Warsaw"/>
    <property name="user.country.format" value="150"/>
    <property name="forkMode" value="once"/>
    <property name="os.name" value="Windows 10"/>
    <property name="java.vm.specification.version" value="17"/>
    <property name="user.country" value="PL"/>
    <property name="sun.java.launcher" value="SUN_STANDARD"/>
    <property name="sun.boot.library.path" value="C:\Program Files\Eclipse Adoptium\jdk-17.0.13.11-hotspot\bin"/>
    <property name="sun.java.command" value="C:\Users\Administrator\AppData\Local\Temp\surefire17308028212028298769\surefirebooter-20250110204543040_3.jar C:\Users\Administrator\AppData\Local\Temp\surefire17308028212028298769 2025-01-10T20-45-42_891-jvmRun1 surefire-20250110204543040_1tmp surefire_0-20250110204543040_2tmp"/>
    <property name="jdk.debug" value="release"/>
    <property name="test" value="war_games.GameEngineTest"/>
    <property name="surefire.test.class.path" value="C:\Users\Administrator\Desktop\studia_2024-25\programowanie-obiektowe\zadanie4-gry-wojenne\war_games\target\test-classes;C:\Users\Administrator\Desktop\studia_2024-25\programowanie-obiektowe\zadanie4-gry-wojenne\war_games\target\classes;C:\Users\Administrator\.m2\repository\org\junit\jupiter\junit-jupiter\5.10.0\junit-jupiter-5.10.0.jar;C:\Users\Administrator\.m2\repository\org\junit\jupiter\junit-jupiter-api\5.10.0\junit-jupiter-api-5.10.0.jar;C:\Users\Administrator\.m2\repository\org\opentest4j\opentest4j\1.3.0\opentest4j-1.3.0.jar;C:\Users\Administrator\.m2\repository\org\junit\platform\junit-platform-commons\1.10.0\junit-platform-commons-1.10.0.jar;C:\Users\Administrator\.m2\repository\org\apiguardian\apiguardian-api\1.1.2\apiguardian-api-1.1.2.jar;C:\Users\Administrator\.m2\repository\org\junit\jupiter\junit-jupiter-params\5.10.0\junit-jupiter-params-5.10.0.jar;C:\Users\Administrator\.m2\repository\org\junit\jupiter\junit-jupiter-engine\5.10.0\junit-jupiter-engine-5.10.0.jar;C:\Users\Administrator\.m2\repository\org\junit\platform\junit-platform-engine\1.10.0\junit-platform-engine-1.10.0.jar;"/>
    <property name="sun.cpu.endian" value="little"/>
    <property name="user.home" value="C:\Users\Administrator"/>
    <property name="user.language" value="pl"/>
    <property name="java.specification.vendor" value="Oracle Corporation"/>
    <property name="java.version.date" value="2024-10-15"/>
    <property name="java.home" value="C:\Program Files\Eclipse Adoptium\jdk-17.0.13.11-hotspot"/>
    <property name="file.separator" value="\"/>
    <property name="basedir" value="C:\Users\Administrator\Desktop\studia_2024-25\programowanie-obiektowe\zadanie4-gry-wojenne\war_games"/>
    <property name="java.vm.compressedOopsMode" value="Zero based"/>
    <property name="line.separator" value="&#10;"/>
    <property name="java.vm.specification.vendor" value="Oracle Corporation"/>
    <property name="java.specification.name" value="Java Platform API Specification"/>
    <property name="surefire.real.class.path" value="C:\Users\Administrator\AppData\Local\Temp\surefire17308028212028298769\surefirebooter-20250110204543040_3.jar"/>
    <property name="user.script" value=""/>
    <property name="sun.management.compiler" value="HotSpot 64-Bit Tiered Compilers"/>
    <property name="java.runtime.version" value="17.0.13+11"/>
    <property name="user.name" value="Administrator"/>
    <property name="path.separator" value=";"/>
    <property name="os.version" value="10.0"/>
    <property name="java.runtime.name" value="OpenJDK Runtime Environment"/>
    <property name="file.encoding" value="Cp1252"/>
    <property name="java.vm.name" value="OpenJDK 64-Bit Server VM"/>
    <property name="jpda.listen" value="true"/>
    <property name="java.vendor.version" value="Temurin-17.0.13+11"/>
    <property name="maven.ext.class.path" value="C:\Users\Administrator\.vscode\extensions\oracle.oracle-java-23.0.1\nbcode\java\maven-nblib\netbeans-eventspy.jar"/>
    <property name="localRepository" value="C:\Users\Administrator\.m2\repository"/>
    <property name="java.vendor.url.bug" value="https://github.com/adoptium/adoptium-support/issues"/>
    <property name="java.io.tmpdir" value="C:\Users\ADMINI~1\AppData\Local\Temp\"/>
    <property name="java.version" value="17.0.13"/>
    <property name="user.dir" value="C:\Users\Administrator\Desktop\studia_2024-25\programowanie-obiektowe\zadanie4-gry-wojenne\war_games"/>
    <property name="os.arch" value="amd64"/>
    <property name="java.vm.specification.name" value="Java Virtual Machine Specification"/>
    <property name="user.language.format" value="en"/>
    <property name="sun.os.patch.level" value=""/>
    <property name="native.encoding" value="Cp1252"/>
    <property name="java.library.path" value="C:\Program Files\Eclipse Adoptium\jdk-17.0.13.11-hotspot\bin;C:\WINDOWS\Sun\Java\bin;C:\WINDOWS\system32;C:\WINDOWS;C:\Program Files\Eclipse Adoptium\jdk-17.0.13.11-hotspot\bin;C:\Program Files (x86)\Common Files\Oracle\Java\javapath;C:\Windows\system32;C:\Windows;C:\Windows\System32\Wbem;C:\Windows\System32\WindowsPowerShell\v1.0\;C:\Windows\System32\OpenSSH\;C:\Program Files (x86)\NVIDIA Corporation\PhysX\Common;C:\Program Files (x86)\dotnet\;C:\Program Files\dotnet\;C:\mingw32\bin;C:\WINDOWS\system32;C:\WINDOWS;C:\WINDOWS\System32\Wbem;C:\WINDOWS\System32\WindowsPowerShell\v1.0\;C:\WINDOWS\System32\OpenSSH\;%APPDATA%\pip\pip.ini;C:\MinGW\bin;C:\Program Files\NVIDIA Corporation\NVIDIA App\NvDLISR;C:\Program Files\Git\cmd;C:\Program Files\nodejs\;C:\Program Files\apache-maven-3.9.9\bin;C:\Program Files\Eclipse Adoptium\jdk-17.0.13.11-hotspot\bin;C:\Program Files (x86)\Common Files\Oracle\Java\javapath;C:\Windows\system32;C:\Windows;C:\Windows\System32\Wbem;C:\Windows\System32\WindowsPowerShell\v1.0\;C:\Windows\System32\OpenSSH\;C:\Program Files (x86)\NVIDIA Corporation\PhysX\Common;C:\Program Files (x86)\dotnet\;C:\Program Files\dotnet\;C:\mingw32\bin;C:\WINDOWS\system32;C:\WINDOWS;C:\WINDOWS\System32\Wbem;C:\WINDOWS\System32\WindowsPowerShell\v1.0\;C:\WINDOWS\System32\OpenSSH\;C:\Users\Administrator\AppData\Roaming\pip\pip.ini;C:\MinGW\bin;C:\Program Files\NVIDIA Corporation\NVIDIA App\NvDLISR;C:\Program Files\Git\cmd;C:\Program Files\nodejs\;C:\Users\Administrator\AppData\Roaming\pip\pip.ini;C:\Users\Administrator\AppData\Local\Programs\Python\Python311\Scripts\;C:\Users\Administrator\AppData\Local\Programs\Python\Python311\;C:\Users\Administrator\AppData\Local\Programs\Python\Launcher\;C:\Users\Administrator\AppData\Local\Microsoft\WindowsApps;C:\Users\Administrator\AppData\Local\Program;C:\Users\Administrator\AppData\Local\Programs\Microsoft VS Code\bin;."/>
    <property name="java.vm.info" value="mixed mode, sharing"/>
    <property name="java.vendor" value="Eclipse Adoptium"/>
    <property name="java.vm.version" value="17.0.13+11"/>
    <property name="java.specification.maintenance.version" value="1"/>
    <property name="sun.io.unicode.encoding" value="UnicodeLittle"/>
    <property name="java.class.version" value="61.0"/>
    <property name="maven.surefire.debug" value="-agentlib:jdwp=transport=dt_socket,server=n,address=56644"/>
  </properties>
  <testcase name="testAutoSave" classname="war_games.GameEngineTest" time="0.065">
    <system-out><![CDATA[Saving game...
Error saving game state: war_games.Generals.General
]]></system-out>
  </testcase>
  <testcase name="testGainExperience" classname="war_games.GameEngineTest" time="0.006"/>
  <testcase name="testPerformManeuvers" classname="war_games.GameEngineTest" time="0.004">
    <system-out><![CDATA[Performing maneuvers for General A
Maneuvers completed successfully.
]]></system-out>
  </testcase>
  <testcase name="testRemoveRandomSoldier" classname="war_games.GameEngineTest" time="0.001"/>
  <testcase name="testSaveGame" classname="war_games.GameEngineTest" time="0.005">
    <system-out><![CDATA[Saving game...
Error saving game state: war_games.Generals.General
]]></system-out>
  </testcase>
  <testcase name="testGetStrength" classname="war_games.GameEngineTest" time="0.002"/>
  <testcase name="testRemoveDeadSoldiers" classname="war_games.GameEngineTest" time="0.001"/>
  <testcase name="testAddSoldier" classname="war_games.GameEngineTest" time="0.001"/>
  <testcase name="testCalculateTotalStrength" classname="war_games.GameEngineTest" time="0.001"/>
  <testcase name="testPromote" classname="war_games.GameEngineTest" time="0.002"/>
  <testcase name="testProcessTie" classname="war_games.GameEngineTest" time="0.002">
    <system-out><![CDATA[It's a tie! Both generals lose one soldier.
]]></system-out>
  </testcase>
  <testcase name="testLoggerLogWithConsoleOutput" classname="war_games.GameEngineTest" time="0.009">
    <system-out><![CDATA[Test log message with console output
]]></system-out>
  </testcase>
  <testcase name="testShowStatus" classname="war_games.GameEngineTest" time="0.015">
    <system-out><![CDATA[Game Status:
Generals: [General{name='General A', gold=100, army=war_games.Generals.Army@865dd6}, General{name='General B', gold=100, army=war_games.Generals.Army@68c72235}]
]]></system-out>
  </testcase>
  <testcase name="testRecruitSoldiers_EnoughGold" classname="war_games.GameEngineTest" time="0.001">
    <system-out><![CDATA[Soldier recruited!
]]></system-out>
  </testcase>
  <testcase name="testLogGameState" classname="war_games.GameEngineTest" time="0.004">
    <system-out><![CDATA[===== Overall Game Report =====
General: General A
Gold: 100
Army:

General: General B
Gold: 100
Army:


]]></system-out>
  </testcase>
  <testcase name="testSaveMethod" classname="war_games.GameEngineTest" time="0.006">
    <system-out><![CDATA[Error saving game state: war_games.Generals.General
]]></system-out>
  </testcase>
  <testcase name="testProcessBattleOutcome" classname="war_games.GameEngineTest" time="0.002">
    <system-out><![CDATA[General A wins the battle!
]]></system-out>
  </testcase>
  <testcase name="testLoseExperience" classname="war_games.GameEngineTest" time="0.003"/>
  <testcase name="testGenerateOverallReport" classname="war_games.GameEngineTest" time="0.001"/>
  <testcase name="testGenerateReport" classname="war_games.GameEngineTest" time="0.002"/>
  <testcase name="testRecruitSoldiers_NotEnoughGold" classname="war_games.GameEngineTest" time="0.001">
    <system-out><![CDATA[Not enough gold.
]]></system-out>
  </testcase>
  <testcase name="testLoggerLogMessage" classname="war_games.GameEngineTest" time="0.001"/>
  <testcase name="testAttack" classname="war_games.GameEngineTest" time="0.001">
    <system-out><![CDATA[It's a tie! Both generals lose one soldier.
]]></system-out>
  </testcase>
  <testcase name="testPerformManeuversWithSoldiers" classname="war_games.GameEngineTest" time="0.001">
    <system-out><![CDATA[Performing maneuvers for General A
Maneuvers completed successfully.
]]></system-out>
  </testcase>
</testsuite>